TN:
SF:03-errorcount.js
FN:8,ErrorHandler
FN:18,invalidRouteHandlerMiddleware
FNF:2
FNH:1
FNDA:11,ErrorHandler
FNDA:0,invalidRouteHandlerMiddleware
DA:1,1
DA:2,1
DA:3,1
DA:4,1
DA:5,1
DA:6,1
DA:7,1
DA:8,1
DA:9,11
DA:10,11
DA:11,11
DA:12,11
DA:13,11
DA:14,0
DA:15,0
DA:16,11
DA:17,1
DA:18,1
DA:19,0
DA:20,0
DA:21,0
DA:22,1
DA:23,1
DA:24,1
DA:25,11
DA:26,11
DA:27,0
DA:28,1
DA:29,1
DA:30,1
DA:31,0
DA:32,1
DA:33,1
DA:34,1
DA:35,2
DA:36,1
DA:37,1
DA:38,1
DA:39,1
DA:40,1
DA:41,1
DA:42,1
DA:43,1
LF:43
LH:36
BRDA:8,0,0,11
BRDA:13,1,0,0
BRDA:24,2,0,11
BRDA:26,3,0,0
BRDA:34,4,0,2
BRF:5
BRH:3
end_of_record
